<?xml version="1.0" encoding="UTF-8"?>
<!-- Generated by org.testng.reporters.JUnitXMLReporter -->
<testsuite ignored="0" hostname="PC-SLMK" failures="1" tests="1" name="firstTest" time="8.269" errors="0" timestamp="2023-03-02T23:24:22 EET">
  <testcase classname="demotestngproject.FirstTest" name="Searchproduct" time="8.213">
    <failure type="java.lang.AssertionError" message="expected [true] but found [false]">
      <![CDATA[java.lang.AssertionError: expected [true] but found [false]
at demotestngproject.FirstTest.Searchproduct(FirstTest.java:37)
at java.base/java.util.ArrayList.forEach(ArrayList.java:1511)
... Removed 31 stack frames]]>
    </failure>
  </testcase> <!-- Searchproduct -->
</testsuite> <!-- firstTest -->
