<?xml version="1.0" encoding="UTF-8"?>
<testng-results ignored="0" total="1" passed="1" failed="0" skipped="0">
  <reporter-output>
  </reporter-output>
  <suite started-at="2023-03-04T00:28:00 EET" name="Default suite" finished-at="2023-03-04T00:28:19 EET" duration-ms="19364">
    <groups>
    </groups>
    <test started-at="2023-03-04T00:28:00 EET" name="Default test" finished-at="2023-03-04T00:28:19 EET" duration-ms="19364">
      <class name="demotestngproject.FirstTest">
        <test-method signature="SearchProduct()[pri:0, instance:demotestngproject.FirstTest@12b0404f]" started-at="2023-03-04T00:28:00 EET" name="SearchProduct" finished-at="2023-03-04T00:28:19 EET" duration-ms="19315" status="PASS">
          <reporter-output>
          </reporter-output>
        </test-method> <!-- SearchProduct -->
      </class> <!-- demotestngproject.FirstTest -->
    </test> <!-- Default test -->
  </suite> <!-- Default suite -->
</testng-results>
